<?xml version="1.0" encoding="utf-8"?><testsuites><testsuite name="pytest" errors="0" failures="0" skipped="0" tests="73" time="1037.657" timestamp="2025-01-05T12:14:59.339904+00:00" hostname="jupyter-python-805583-0"><testcase classname="tests.download.test_pynsee_download.MyTests" name="test_get_file_list_error" time="0.575" /><testcase classname="tests.download.test_pynsee_download.MyTests" name="test_download_5_ESTEL_T201_ENS_T" time="1.640" /><testcase classname="tests.download.test_pynsee_download.MyTests" name="test_check_url" time="0.275" /><testcase classname="tests.download.test_pynsee_download.MyTests" name="test_download_8_RP_MOBSCO_2016" time="39.002" /><testcase classname="tests.download.test_pynsee_download.MyTests" name="test_download_2_FILOSOFI_COM_2015" time="4.117" /><testcase classname="tests.download.test_pynsee_download.MyTests" name="test_download_0_COG_COMMUNE_2018" time="0.687" /><testcase classname="tests.geodata.test_pynsee_geodata.TestFunction" name="test_find_wfs_closest_match" time="1.993" /><testcase classname="tests.download.test_pynsee_download.MyTests" name="test_download_1_AIRE_URBAINE" time="2.370" /><testcase classname="tests.download.test_pynsee_download.MyTests" name="test_download_6_FILOSOFI_DISP_IRIS_2017" time="10.322" /><testcase classname="tests.geodata.test_pynsee_geodata.TestFunction" name="test_get_geodata_short" time="25.204" /><testcase classname="tests.geodata.test_pynsee_geodata.TestFunction" name="test_get_geodata_short2" time="47.282" /><testcase classname="tests.download.test_pynsee_download.MyTests" name="test_download_3_DECES_2020" time="8.395" /><testcase classname="tests.download.test_pynsee_download.MyTests" name="test_download_7_BPE_ENS" time="6.309" /><testcase classname="tests.download.test_pynsee_download.MyTests" name="test_download_4_PRENOM_NAT" time="1.653" /><testcase classname="tests.localdata.test_pynsee_localdata.TestFunction" name="test_get_ascending_descending_area" time="2.913" /><testcase classname="tests.localdata.test_pynsee_localdata.TestFunction" name="test_get_geo_list_1" time="128.075" /><testcase classname="tests.geodata.test_pynsee_geodata.TestFunction" name="test_get_geodata_short9" time="6.740" /><testcase classname="tests.geodata.test_pynsee_geodata.TestFunction" name="test_get_geodata_with_backup" time="31.638" /><testcase classname="tests.geodata.test_pynsee_geodata.TestFunction" name="test_get_geodata_short5b" time="37.036" /><testcase classname="tests.download.test_pynsee_download.MyTests" name="test_download_big_file" time="82.727" /><testcase classname="tests.geodata.test_pynsee_geodata.TestFunction" name="test_get_geodata_short3" time="33.086" /><testcase classname="tests.localdata.test_pynsee_localdata.TestFunction" name="test_get_area_list_1" time="8.337" /><testcase classname="tests.geodata.test_pynsee_geodata.TestFunction" name="test_get_geodata_short6" time="29.510" /><testcase classname="tests.localdata.test_pynsee_localdata.TestFunction" name="test_get_area_projection2" time="11.255" /><testcase classname="tests.localdata.test_pynsee_localdata.TestFunction" name="test_get_insee_one_area_1" time="0.030" /><testcase classname="tests.localdata.test_pynsee_localdata.TestFunction" name="test_get_insee_one_area_2" time="0.023" /><testcase classname="tests.localdata.test_pynsee_localdata.TestFunction" name="test_get_local_data_all" time="2.448" /><testcase classname="tests.localdata.test_pynsee_localdata.TestFunction" name="test_get_local_data_latest" time="2.597" /><testcase classname="tests.localdata.test_pynsee_localdata.TestFunction" name="test_get_local_data_latest_error" time="61.609" /><testcase classname="tests.geodata.test_pynsee_geodata.TestFunction" name="test_get_geodata_short4" time="6.771" /><testcase classname="tests.geodata.test_pynsee_geodata.TestFunction" name="test_get_geodata_short5" time="8.076" /><testcase classname="tests.geodata.test_pynsee_geodata.TestFunction" name="test_get_geodata_short7" time="10.170" /><testcase classname="tests.localdata.test_pynsee_localdata.TestFunction" name="test_get_new_city" time="42.124" /><testcase classname="tests.geodata.test_pynsee_geodata.TestFunction" name="test_get_geodata_short8" time="4.619" /><testcase classname="tests.localdata.test_pynsee_localdata.TestFunction" name="test_get_old_city" time="32.134" /><testcase classname="tests.download.test_pynsee_download.MyTests" name="test_get_file_list" time="0.034" /><testcase classname="tests.macrodata.test_pynsee_macrodata.TestFunction" name="test_download_idbank_list_1" time="1.382" /><testcase classname="tests.macrodata.test_pynsee_macrodata.TestFunction" name="test_download_series_list" time="0.118" /><testcase classname="tests.macrodata.test_pynsee_macrodata.TestFunction" name="test_get_column_title_1" time="22.799" /><testcase classname="tests.localdata.test_pynsee_localdata.TestFunction" name="test_get_population" time="29.751" /><testcase classname="tests.localdata.test_pynsee_localdata.TestFunction" name="test_get_nivgeo_list" time="0.001" /><testcase classname="tests.macrodata.test_pynsee_macrodata.TestFunction" name="test_get_dataset_list" time="0.299" /><testcase classname="tests.macrodata.test_pynsee_macrodata.TestFunction" name="test_get_dataset_list_internal" time="0.135" /><testcase classname="tests.macrodata.test_pynsee_macrodata.TestFunction" name="test_get_dataset_metadata_1" time="6.982" /><testcase classname="tests.localdata.test_pynsee_localdata.TestFunction" name="test_get_local_metadata" time="3.662" /><testcase classname="tests.localdata.test_pynsee_localdata.TestFunction" name="test_get_geo_list_2" time="0.001" /><testcase classname="tests.macrodata.test_pynsee_macrodata.TestFunction" name="test_get_idbank_internal_data_harmonized" time="39.163" /><testcase classname="tests.macrodata.test_pynsee_macrodata.TestFunction" name="test_get_dataset_1" time="58.506" /><testcase classname="tests.macrodata.test_pynsee_macrodata.TestFunction" name="test_get_idbank_internal_data" time="27.052" /><testcase classname="tests.macrodata.test_pynsee_macrodata.TestFunction" name="test_get_dimension_values" time="0.006" /><testcase classname="tests.macrodata.test_pynsee_macrodata.TestFunction" name="test_get_series_title" time="55.802" /><testcase classname="tests.macrodata.test_pynsee_macrodata.TestFunction" name="test_get_dataset_dimension" time="0.008" /><testcase classname="tests.metadata.test_pynsee_metadata.TestFunction" name="test_get_activity_list" time="0.870" /><testcase classname="tests.metadata.test_pynsee_metadata.TestFunction" name="test_get_definition" time="33.036" /><testcase classname="tests.macrodata.test_pynsee_macrodata.TestFunction" name="test_get_series_list_1" time="0.036" /><testcase classname="tests.metadata.test_pynsee_metadata.TestFunction" name="test_get_legal_entity" time="31.500" /><testcase classname="tests.macrodata.test_pynsee_macrodata.TestFunction" name="test_get_last_release" time="0.453" /><testcase classname="tests.sirene.test_pynsee_sirene.TestFunction" name="test_error_get_relatives" time="20.477" /><testcase classname="tests.macrodata.test_pynsee_macrodata.TestFunction" name="test_get_series_2" time="828.945" /><testcase classname="tests.macrodata.test_pynsee_macrodata.TestFunction" name="test_search_macrodata" time="13.286" /><testcase classname="tests.metadata.test_pynsee_metadata.TestFunction" name="test_get_definition_list" time="4.946" /><testcase classname="tests.sirene.test_pynsee_sirene.TestFunction" name="test_error_get_dimension_list" time="0.001" /><testcase classname="tests.sirene.test_pynsee_sirene.TestFunction" name="test_get_location" time="18.616" /><testcase classname="tests.sirene.test_pynsee_sirene.TestFunction" name="test_error_get_relatives1" time="0.178" /><testcase classname="tests.sirene.test_pynsee_sirene.TestFunction" name="test_search_sirene" time="123.982" /><testcase classname="tests.sirene.test_pynsee_sirene.TestFunction" name="test_get_dimension_list" time="0.131" /><testcase classname="tests.utils.test_pynsee_utils.TestFunction" name="test_clear_all_cache" time="0.164" /><testcase classname="tests.utils.test_pynsee_utils.TestFunction" name="test_request_insee_1" time="0.101" /><testcase classname="tests.utils.test_pynsee_utils.TestFunction" name="test_request_insee_2" time="0.132" /><testcase classname="tests.sirene.test_pynsee_sirene.TestFunction" name="test_error_get_sirene_data" time="49.161" /><testcase classname="tests.sirene.test_pynsee_sirene.TestFunction" name="test_get_sirene_relatives" time="43.325" /><testcase classname="tests.sirene.test_pynsee_sirene.TestFunction" name="test_search_sirene_error" time="0.003" /><testcase classname="tests.sirene.test_pynsee_sirene.TestFunction" name="test_error_get_relatives2" time="0.223" /></testsuite></testsuites>